{"/home/kelvin/Projects/leitor_de_boleto/src/app.ts": {"path":"/home/kelvin/Projects/leitor_de_boleto/src/app.ts","all":false,"statementMap":{"0":{"start":{"line":1,"column":0},"end":{"line":1,"column":58}},"1":{"start":{"line":2,"column":0},"end":{"line":2,"column":30}},"2":{"start":{"line":3,"column":0},"end":{"line":3,"column":30}},"3":{"start":{"line":4,"column":0},"end":{"line":4,"column":52}},"4":{"start":{"line":5,"column":0},"end":{"line":5,"column":28}},"5":{"start":{"line":6,"column":0},"end":{"line":6,"column":0}},"6":{"start":{"line":7,"column":0},"end":{"line":7,"column":22}},"7":{"start":{"line":8,"column":0},"end":{"line":8,"column":16}},"8":{"start":{"line":9,"column":0},"end":{"line":9,"column":0}},"9":{"start":{"line":10,"column":0},"end":{"line":10,"column":24}},"10":{"start":{"line":11,"column":0},"end":{"line":11,"column":20}},"11":{"start":{"line":12,"column":0},"end":{"line":12,"column":8}},"12":{"start":{"line":13,"column":0},"end":{"line":13,"column":78}},"13":{"start":{"line":14,"column":0},"end":{"line":14,"column":35}},"14":{"start":{"line":15,"column":0},"end":{"line":15,"column":3}},"15":{"start":{"line":16,"column":0},"end":{"line":16,"column":2}},"16":{"start":{"line":17,"column":0},"end":{"line":17,"column":0}},"17":{"start":{"line":18,"column":0},"end":{"line":18,"column":19}}},"s":{"0":1,"1":1,"2":1,"3":1,"4":1,"5":1,"6":1,"7":1,"8":1,"9":1,"10":1,"11":1,"12":1,"13":3,"14":3,"15":1,"16":1,"17":1},"branchMap":{"0":{"type":"branch","line":13,"loc":{"start":{"line":13,"column":2},"end":{"line":15,"column":3}},"locations":[{"start":{"line":13,"column":2},"end":{"line":15,"column":3}}]}},"b":{"0":[3]},"fnMap":{},"f":{}}
,"/home/kelvin/Projects/leitor_de_boleto/src/controllers/index.ts": {"path":"/home/kelvin/Projects/leitor_de_boleto/src/controllers/index.ts","all":false,"statementMap":{"0":{"start":{"line":1,"column":0},"end":{"line":1,"column":63}},"1":{"start":{"line":2,"column":0},"end":{"line":2,"column":0}},"2":{"start":{"line":3,"column":0},"end":{"line":3,"column":31}}},"s":{"0":1,"1":1,"2":1},"branchMap":{},"b":{},"fnMap":{},"f":{}}
,"/home/kelvin/Projects/leitor_de_boleto/src/controllers/boleto/getBoletoController.ts": {"path":"/home/kelvin/Projects/leitor_de_boleto/src/controllers/boleto/getBoletoController.ts","all":false,"statementMap":{"0":{"start":{"line":1,"column":0},"end":{"line":1,"column":44}},"1":{"start":{"line":2,"column":0},"end":{"line":2,"column":55}},"2":{"start":{"line":3,"column":0},"end":{"line":3,"column":50}},"3":{"start":{"line":4,"column":0},"end":{"line":4,"column":0}},"4":{"start":{"line":5,"column":0},"end":{"line":5,"column":62}},"5":{"start":{"line":6,"column":0},"end":{"line":6,"column":30}},"6":{"start":{"line":7,"column":0},"end":{"line":7,"column":0}},"7":{"start":{"line":8,"column":0},"end":{"line":8,"column":58}},"8":{"start":{"line":9,"column":0},"end":{"line":9,"column":42}},"9":{"start":{"line":10,"column":0},"end":{"line":10,"column":2}},"10":{"start":{"line":11,"column":0},"end":{"line":11,"column":0}},"11":{"start":{"line":12,"column":0},"end":{"line":12,"column":35}}},"s":{"0":1,"1":1,"2":1,"3":1,"4":1,"5":0,"6":0,"7":0,"8":0,"9":0,"10":1,"11":1},"branchMap":{},"b":{},"fnMap":{"0":{"name":"getBoletoController","decl":{"start":{"line":5,"column":28},"end":{"line":10,"column":2}},"loc":{"start":{"line":5,"column":28},"end":{"line":10,"column":2}},"line":5}},"f":{"0":0}}
,"/home/kelvin/Projects/leitor_de_boleto/src/middlewares/index.ts": {"path":"/home/kelvin/Projects/leitor_de_boleto/src/middlewares/index.ts","all":false,"statementMap":{"0":{"start":{"line":1,"column":0},"end":{"line":1,"column":69}},"1":{"start":{"line":2,"column":0},"end":{"line":2,"column":0}},"2":{"start":{"line":3,"column":0},"end":{"line":3,"column":34}}},"s":{"0":1,"1":1,"2":1},"branchMap":{},"b":{},"fnMap":{},"f":{}}
,"/home/kelvin/Projects/leitor_de_boleto/src/middlewares/boleto/validateCodeMiddleware.ts": {"path":"/home/kelvin/Projects/leitor_de_boleto/src/middlewares/boleto/validateCodeMiddleware.ts","all":false,"statementMap":{"0":{"start":{"line":1,"column":0},"end":{"line":1,"column":58}},"1":{"start":{"line":2,"column":0},"end":{"line":2,"column":43}},"2":{"start":{"line":3,"column":0},"end":{"line":3,"column":0}},"3":{"start":{"line":4,"column":0},"end":{"line":4,"column":32}},"4":{"start":{"line":5,"column":0},"end":{"line":5,"column":15}},"5":{"start":{"line":6,"column":0},"end":{"line":6,"column":16}},"6":{"start":{"line":7,"column":0},"end":{"line":7,"column":20}},"7":{"start":{"line":8,"column":0},"end":{"line":8,"column":6}},"8":{"start":{"line":9,"column":0},"end":{"line":9,"column":30}},"9":{"start":{"line":10,"column":0},"end":{"line":10,"column":0}},"10":{"start":{"line":11,"column":0},"end":{"line":11,"column":27}},"11":{"start":{"line":12,"column":0},"end":{"line":12,"column":27}},"12":{"start":{"line":13,"column":0},"end":{"line":13,"column":10}},"13":{"start":{"line":14,"column":0},"end":{"line":14,"column":56}},"14":{"start":{"line":15,"column":0},"end":{"line":15,"column":6}},"15":{"start":{"line":16,"column":0},"end":{"line":16,"column":3}},"16":{"start":{"line":17,"column":0},"end":{"line":17,"column":30}},"17":{"start":{"line":18,"column":0},"end":{"line":18,"column":60}},"18":{"start":{"line":19,"column":0},"end":{"line":19,"column":3}},"19":{"start":{"line":20,"column":0},"end":{"line":20,"column":0}},"20":{"start":{"line":21,"column":0},"end":{"line":21,"column":16}},"21":{"start":{"line":22,"column":0},"end":{"line":22,"column":2}},"22":{"start":{"line":23,"column":0},"end":{"line":23,"column":0}},"23":{"start":{"line":24,"column":0},"end":{"line":24,"column":38}}},"s":{"0":1,"1":1,"2":1,"3":1,"4":3,"5":3,"6":3,"7":3,"8":3,"9":3,"10":3,"11":3,"12":3,"13":3,"14":3,"15":3,"16":0,"17":0,"18":0,"19":0,"20":0,"21":0,"22":1,"23":1},"branchMap":{"0":{"type":"branch","line":4,"loc":{"start":{"line":4,"column":31},"end":{"line":22,"column":2}},"locations":[{"start":{"line":4,"column":31},"end":{"line":22,"column":2}}]},"1":{"type":"branch","line":17,"loc":{"start":{"line":17,"column":-1},"end":{"line":22,"column":2}},"locations":[{"start":{"line":17,"column":-1},"end":{"line":22,"column":2}}]}},"b":{"0":[3],"1":[0]},"fnMap":{"0":{"name":"validateCodeMiddleware","decl":{"start":{"line":4,"column":31},"end":{"line":22,"column":2}},"loc":{"start":{"line":4,"column":31},"end":{"line":22,"column":2}},"line":4}},"f":{"0":3}}
,"/home/kelvin/Projects/leitor_de_boleto/src/routes/index.ts": {"path":"/home/kelvin/Projects/leitor_de_boleto/src/routes/index.ts","all":false,"statementMap":{"0":{"start":{"line":1,"column":0},"end":{"line":1,"column":33}},"1":{"start":{"line":2,"column":0},"end":{"line":2,"column":36}},"2":{"start":{"line":3,"column":0},"end":{"line":3,"column":0}},"3":{"start":{"line":4,"column":0},"end":{"line":4,"column":24}},"4":{"start":{"line":5,"column":0},"end":{"line":5,"column":0}},"5":{"start":{"line":6,"column":0},"end":{"line":6,"column":29}},"6":{"start":{"line":7,"column":0},"end":{"line":7,"column":0}},"7":{"start":{"line":8,"column":0},"end":{"line":8,"column":22}}},"s":{"0":1,"1":1,"2":1,"3":1,"4":1,"5":1,"6":1,"7":1},"branchMap":{},"b":{},"fnMap":{},"f":{}}
,"/home/kelvin/Projects/leitor_de_boleto/src/routes/boleto/index.ts": {"path":"/home/kelvin/Projects/leitor_de_boleto/src/routes/boleto/index.ts","all":false,"statementMap":{"0":{"start":{"line":1,"column":0},"end":{"line":1,"column":29}},"1":{"start":{"line":2,"column":0},"end":{"line":2,"column":56}},"2":{"start":{"line":3,"column":0},"end":{"line":3,"column":59}},"3":{"start":{"line":4,"column":0},"end":{"line":4,"column":0}},"4":{"start":{"line":5,"column":0},"end":{"line":5,"column":30}},"5":{"start":{"line":6,"column":0},"end":{"line":6,"column":0}},"6":{"start":{"line":7,"column":0},"end":{"line":7,"column":79}},"7":{"start":{"line":8,"column":0},"end":{"line":8,"column":0}},"8":{"start":{"line":9,"column":0},"end":{"line":9,"column":28}}},"s":{"0":1,"1":1,"2":1,"3":1,"4":1,"5":1,"6":1,"7":1,"8":1},"branchMap":{},"b":{},"fnMap":{},"f":{}}
,"/home/kelvin/Projects/leitor_de_boleto/src/services/index.ts": {"path":"/home/kelvin/Projects/leitor_de_boleto/src/services/index.ts","all":false,"statementMap":{"0":{"start":{"line":1,"column":0},"end":{"line":1,"column":57}},"1":{"start":{"line":2,"column":0},"end":{"line":2,"column":0}},"2":{"start":{"line":3,"column":0},"end":{"line":3,"column":28}}},"s":{"0":1,"1":1,"2":1},"branchMap":{},"b":{},"fnMap":{},"f":{}}
,"/home/kelvin/Projects/leitor_de_boleto/src/services/boleto/getBoletoService.ts": {"path":"/home/kelvin/Projects/leitor_de_boleto/src/services/boleto/getBoletoService.ts","all":false,"statementMap":{"0":{"start":{"line":1,"column":0},"end":{"line":1,"column":55}},"1":{"start":{"line":2,"column":0},"end":{"line":2,"column":0}},"2":{"start":{"line":3,"column":0},"end":{"line":3,"column":24}},"3":{"start":{"line":4,"column":0},"end":{"line":4,"column":25}},"4":{"start":{"line":5,"column":0},"end":{"line":5,"column":77}},"5":{"start":{"line":6,"column":0},"end":{"line":6,"column":59}},"6":{"start":{"line":7,"column":0},"end":{"line":7,"column":35}},"7":{"start":{"line":8,"column":0},"end":{"line":8,"column":37}},"8":{"start":{"line":9,"column":0},"end":{"line":9,"column":20}},"9":{"start":{"line":10,"column":0},"end":{"line":10,"column":6}},"10":{"start":{"line":11,"column":0},"end":{"line":11,"column":0}},"11":{"start":{"line":12,"column":0},"end":{"line":12,"column":25}},"12":{"start":{"line":13,"column":0},"end":{"line":13,"column":41}},"13":{"start":{"line":14,"column":0},"end":{"line":14,"column":5}},"14":{"start":{"line":15,"column":0},"end":{"line":15,"column":0}},"15":{"start":{"line":16,"column":0},"end":{"line":16,"column":24}},"16":{"start":{"line":17,"column":0},"end":{"line":17,"column":3}},"17":{"start":{"line":18,"column":0},"end":{"line":18,"column":1}},"18":{"start":{"line":19,"column":0},"end":{"line":19,"column":0}},"19":{"start":{"line":20,"column":0},"end":{"line":20,"column":70}},"20":{"start":{"line":21,"column":0},"end":{"line":21,"column":23}},"21":{"start":{"line":22,"column":0},"end":{"line":22,"column":78}},"22":{"start":{"line":23,"column":0},"end":{"line":23,"column":3}},"23":{"start":{"line":24,"column":0},"end":{"line":24,"column":76}},"24":{"start":{"line":25,"column":0},"end":{"line":25,"column":2}},"25":{"start":{"line":26,"column":0},"end":{"line":26,"column":0}},"26":{"start":{"line":27,"column":0},"end":{"line":27,"column":53}},"27":{"start":{"line":28,"column":0},"end":{"line":28,"column":25}},"28":{"start":{"line":29,"column":0},"end":{"line":29,"column":17}},"29":{"start":{"line":30,"column":0},"end":{"line":30,"column":3}},"30":{"start":{"line":31,"column":0},"end":{"line":31,"column":42}},"31":{"start":{"line":32,"column":0},"end":{"line":32,"column":58}},"32":{"start":{"line":33,"column":0},"end":{"line":33,"column":59}},"33":{"start":{"line":34,"column":0},"end":{"line":34,"column":66}},"34":{"start":{"line":35,"column":0},"end":{"line":35,"column":69}},"35":{"start":{"line":36,"column":0},"end":{"line":36,"column":2}},"36":{"start":{"line":37,"column":0},"end":{"line":37,"column":0}},"37":{"start":{"line":38,"column":0},"end":{"line":38,"column":38}},"38":{"start":{"line":39,"column":0},"end":{"line":39,"column":38}},"39":{"start":{"line":40,"column":0},"end":{"line":40,"column":24}},"40":{"start":{"line":41,"column":0},"end":{"line":41,"column":28}},"41":{"start":{"line":42,"column":0},"end":{"line":42,"column":2}},"42":{"start":{"line":43,"column":0},"end":{"line":43,"column":0}},"43":{"start":{"line":44,"column":0},"end":{"line":44,"column":43}},"44":{"start":{"line":45,"column":0},"end":{"line":45,"column":25}},"45":{"start":{"line":46,"column":0},"end":{"line":46,"column":37}},"46":{"start":{"line":47,"column":0},"end":{"line":47,"column":24}},"47":{"start":{"line":48,"column":0},"end":{"line":48,"column":39}},"48":{"start":{"line":49,"column":0},"end":{"line":49,"column":37}},"49":{"start":{"line":50,"column":0},"end":{"line":50,"column":39}},"50":{"start":{"line":51,"column":0},"end":{"line":51,"column":39}},"51":{"start":{"line":52,"column":0},"end":{"line":52,"column":0}},"52":{"start":{"line":53,"column":0},"end":{"line":53,"column":43}},"53":{"start":{"line":54,"column":0},"end":{"line":54,"column":0}},"54":{"start":{"line":55,"column":0},"end":{"line":55,"column":51}},"55":{"start":{"line":56,"column":0},"end":{"line":56,"column":43}},"56":{"start":{"line":57,"column":0},"end":{"line":57,"column":39}},"57":{"start":{"line":58,"column":0},"end":{"line":58,"column":0}},"58":{"start":{"line":59,"column":0},"end":{"line":59,"column":17}},"59":{"start":{"line":60,"column":0},"end":{"line":60,"column":2}},"60":{"start":{"line":61,"column":0},"end":{"line":61,"column":0}},"61":{"start":{"line":62,"column":0},"end":{"line":62,"column":38}},"62":{"start":{"line":63,"column":0},"end":{"line":63,"column":68}},"63":{"start":{"line":64,"column":0},"end":{"line":64,"column":69}},"64":{"start":{"line":65,"column":0},"end":{"line":65,"column":68}},"65":{"start":{"line":66,"column":0},"end":{"line":66,"column":90}},"66":{"start":{"line":67,"column":0},"end":{"line":67,"column":0}},"67":{"start":{"line":68,"column":0},"end":{"line":68,"column":86}},"68":{"start":{"line":69,"column":0},"end":{"line":69,"column":56}},"69":{"start":{"line":70,"column":0},"end":{"line":70,"column":0}},"70":{"start":{"line":71,"column":0},"end":{"line":71,"column":16}},"71":{"start":{"line":72,"column":0},"end":{"line":72,"column":61}},"72":{"start":{"line":73,"column":0},"end":{"line":73,"column":39}},"73":{"start":{"line":74,"column":0},"end":{"line":74,"column":12}},"74":{"start":{"line":75,"column":0},"end":{"line":75,"column":23}},"75":{"start":{"line":76,"column":0},"end":{"line":76,"column":16}},"76":{"start":{"line":77,"column":0},"end":{"line":77,"column":5}},"77":{"start":{"line":78,"column":0},"end":{"line":78,"column":13}},"78":{"start":{"line":79,"column":0},"end":{"line":79,"column":5}},"79":{"start":{"line":80,"column":0},"end":{"line":80,"column":0}},"80":{"start":{"line":81,"column":0},"end":{"line":81,"column":25}},"81":{"start":{"line":82,"column":0},"end":{"line":82,"column":52}},"82":{"start":{"line":83,"column":0},"end":{"line":83,"column":34}},"83":{"start":{"line":84,"column":0},"end":{"line":84,"column":5}},"84":{"start":{"line":85,"column":0},"end":{"line":85,"column":4}},"85":{"start":{"line":86,"column":0},"end":{"line":86,"column":0}},"86":{"start":{"line":87,"column":0},"end":{"line":87,"column":48}},"87":{"start":{"line":88,"column":0},"end":{"line":88,"column":34}},"88":{"start":{"line":89,"column":0},"end":{"line":89,"column":27}},"89":{"start":{"line":90,"column":0},"end":{"line":90,"column":0}},"90":{"start":{"line":91,"column":0},"end":{"line":91,"column":75}},"91":{"start":{"line":92,"column":0},"end":{"line":92,"column":36}},"92":{"start":{"line":93,"column":0},"end":{"line":93,"column":13}},"93":{"start":{"line":94,"column":0},"end":{"line":94,"column":3}},"94":{"start":{"line":95,"column":0},"end":{"line":95,"column":16}},"95":{"start":{"line":96,"column":0},"end":{"line":96,"column":2}},"96":{"start":{"line":97,"column":0},"end":{"line":97,"column":0}},"97":{"start":{"line":98,"column":0},"end":{"line":98,"column":32}},"98":{"start":{"line":99,"column":0},"end":{"line":99,"column":8}},"99":{"start":{"line":100,"column":0},"end":{"line":100,"column":26}},"100":{"start":{"line":101,"column":0},"end":{"line":101,"column":18}},"101":{"start":{"line":102,"column":0},"end":{"line":102,"column":13}},"102":{"start":{"line":103,"column":0},"end":{"line":103,"column":19}},"103":{"start":{"line":104,"column":0},"end":{"line":104,"column":2}}},"s":{"0":1,"1":1,"2":2,"3":2,"4":2,"5":2,"6":2,"7":2,"8":2,"9":2,"10":2,"11":2,"12":1,"13":1,"14":2,"15":2,"16":2,"17":2,"18":1,"19":1,"20":2,"21":1,"22":1,"23":1,"24":1,"25":1,"26":1,"27":3,"28":1,"29":1,"30":2,"31":2,"32":2,"33":2,"34":2,"35":2,"36":1,"37":1,"38":4,"39":3,"40":4,"41":4,"42":1,"43":1,"44":3,"45":3,"46":3,"47":3,"48":3,"49":3,"50":3,"51":3,"52":3,"53":3,"54":3,"55":3,"56":3,"57":3,"58":3,"59":3,"60":1,"61":1,"62":5,"63":5,"64":5,"65":5,"66":5,"67":5,"68":5,"69":5,"70":5,"71":5,"72":215,"73":215,"74":215,"75":25,"76":25,"77":215,"78":5,"79":5,"80":5,"81":5,"82":5,"83":5,"84":5,"85":5,"86":5,"87":5,"88":5,"89":5,"90":5,"91":5,"92":2,"93":2,"94":3,"95":3,"96":1,"97":1,"98":1,"99":1,"100":1,"101":1,"102":1,"103":1},"branchMap":{"0":{"type":"branch","line":3,"loc":{"start":{"line":3,"column":0},"end":{"line":18,"column":1}},"locations":[{"start":{"line":3,"column":0},"end":{"line":18,"column":1}}]},"1":{"type":"branch","line":3,"loc":{"start":{"line":3,"column":0},"end":{"line":18,"column":1}},"locations":[{"start":{"line":3,"column":0},"end":{"line":18,"column":1}}]},"2":{"type":"branch","line":4,"loc":{"start":{"line":4,"column":2},"end":{"line":17,"column":3}},"locations":[{"start":{"line":4,"column":2},"end":{"line":17,"column":3}}]},"3":{"type":"branch","line":12,"loc":{"start":{"line":12,"column":24},"end":{"line":14,"column":5}},"locations":[{"start":{"line":12,"column":24},"end":{"line":14,"column":5}}]},"4":{"type":"branch","line":20,"loc":{"start":{"line":20,"column":29},"end":{"line":25,"column":2}},"locations":[{"start":{"line":20,"column":29},"end":{"line":25,"column":2}}]},"5":{"type":"branch","line":21,"loc":{"start":{"line":21,"column":22},"end":{"line":25,"column":2}},"locations":[{"start":{"line":21,"column":22},"end":{"line":25,"column":2}}]},"6":{"type":"branch","line":27,"loc":{"start":{"line":27,"column":32},"end":{"line":36,"column":2}},"locations":[{"start":{"line":27,"column":32},"end":{"line":36,"column":2}}]},"7":{"type":"branch","line":28,"loc":{"start":{"line":28,"column":24},"end":{"line":30,"column":3}},"locations":[{"start":{"line":28,"column":24},"end":{"line":30,"column":3}}]},"8":{"type":"branch","line":31,"loc":{"start":{"line":31,"column":-1},"end":{"line":36,"column":2}},"locations":[{"start":{"line":31,"column":-1},"end":{"line":36,"column":2}}]},"9":{"type":"branch","line":38,"loc":{"start":{"line":38,"column":25},"end":{"line":42,"column":2}},"locations":[{"start":{"line":38,"column":25},"end":{"line":42,"column":2}}]},"10":{"type":"branch","line":39,"loc":{"start":{"line":39,"column":37},"end":{"line":41,"column":9}},"locations":[{"start":{"line":39,"column":37},"end":{"line":41,"column":9}}]},"11":{"type":"branch","line":41,"loc":{"start":{"line":41,"column":3},"end":{"line":41,"column":28}},"locations":[{"start":{"line":41,"column":3},"end":{"line":41,"column":28}}]},"12":{"type":"branch","line":44,"loc":{"start":{"line":44,"column":24},"end":{"line":60,"column":2}},"locations":[{"start":{"line":44,"column":24},"end":{"line":60,"column":2}}]},"13":{"type":"branch","line":62,"loc":{"start":{"line":62,"column":19},"end":{"line":96,"column":2}},"locations":[{"start":{"line":62,"column":19},"end":{"line":96,"column":2}}]},"14":{"type":"branch","line":92,"loc":{"start":{"line":92,"column":35},"end":{"line":94,"column":3}},"locations":[{"start":{"line":92,"column":35},"end":{"line":94,"column":3}}]},"15":{"type":"branch","line":95,"loc":{"start":{"line":95,"column":-1},"end":{"line":96,"column":2}},"locations":[{"start":{"line":95,"column":-1},"end":{"line":96,"column":2}}]},"16":{"type":"branch","line":72,"loc":{"start":{"line":72,"column":48},"end":{"line":79,"column":3}},"locations":[{"start":{"line":72,"column":48},"end":{"line":79,"column":3}}]},"17":{"type":"branch","line":75,"loc":{"start":{"line":75,"column":22},"end":{"line":77,"column":5}},"locations":[{"start":{"line":75,"column":22},"end":{"line":77,"column":5}}]},"18":{"type":"branch","line":83,"loc":{"start":{"line":83,"column":4},"end":{"line":83,"column":24}},"locations":[{"start":{"line":83,"column":4},"end":{"line":83,"column":24}}]}},"b":{"0":[2],"1":[2],"2":[2],"3":[1],"4":[2],"5":[1],"6":[3],"7":[1],"8":[2],"9":[4],"10":[3],"11":[1],"12":[3],"13":[5],"14":[2],"15":[3],"16":[215],"17":[25],"18":[215]},"fnMap":{"0":{"name":"GetBoletoService","decl":{"start":{"line":3,"column":0},"end":{"line":18,"column":1}},"loc":{"start":{"line":3,"column":0},"end":{"line":18,"column":1}},"line":3},"1":{"name":"Object.<anonymous>.GetBoletoService.execute","decl":{"start":{"line":4,"column":2},"end":{"line":17,"column":3}},"loc":{"start":{"line":4,"column":2},"end":{"line":17,"column":3}},"line":4},"2":{"name":"calculateValueLength","decl":{"start":{"line":20,"column":29},"end":{"line":25,"column":2}},"loc":{"start":{"line":20,"column":29},"end":{"line":25,"column":2}},"line":20},"3":{"name":"calculateExpirationDate","decl":{"start":{"line":27,"column":32},"end":{"line":36,"column":2}},"loc":{"start":{"line":27,"column":32},"end":{"line":36,"column":2}},"line":27},"4":{"name":"formatDataNumber","decl":{"start":{"line":38,"column":25},"end":{"line":42,"column":2}},"loc":{"start":{"line":38,"column":25},"end":{"line":42,"column":2}},"line":38},"5":{"name":"generateBarCode","decl":{"start":{"line":44,"column":24},"end":{"line":60,"column":2}},"loc":{"start":{"line":44,"column":24},"end":{"line":60,"column":2}},"line":44},"6":{"name":"generateDV","decl":{"start":{"line":62,"column":19},"end":{"line":96,"column":2}},"loc":{"start":{"line":62,"column":19},"end":{"line":96,"column":2}},"line":62}},"f":{"0":2,"1":2,"2":2,"3":3,"4":4,"5":3,"6":5}}
,"/home/kelvin/Projects/leitor_de_boleto/src/utils/error.ts": {"path":"/home/kelvin/Projects/leitor_de_boleto/src/utils/error.ts","all":false,"statementMap":{"0":{"start":{"line":1,"column":0},"end":{"line":1,"column":35}},"1":{"start":{"line":2,"column":0},"end":{"line":2,"column":0}},"2":{"start":{"line":3,"column":0},"end":{"line":3,"column":34}},"3":{"start":{"line":4,"column":0},"end":{"line":4,"column":21}},"4":{"start":{"line":5,"column":0},"end":{"line":5,"column":0}},"5":{"start":{"line":6,"column":0},"end":{"line":6,"column":52}},"6":{"start":{"line":7,"column":0},"end":{"line":7,"column":12}},"7":{"start":{"line":8,"column":0},"end":{"line":8,"column":33}},"8":{"start":{"line":9,"column":0},"end":{"line":9,"column":27}},"9":{"start":{"line":10,"column":0},"end":{"line":10,"column":3}},"10":{"start":{"line":11,"column":0},"end":{"line":11,"column":1}},"11":{"start":{"line":12,"column":0},"end":{"line":12,"column":0}},"12":{"start":{"line":13,"column":0},"end":{"line":13,"column":71}},"13":{"start":{"line":14,"column":0},"end":{"line":14,"column":40}},"14":{"start":{"line":15,"column":0},"end":{"line":15,"column":50}},"15":{"start":{"line":16,"column":0},"end":{"line":16,"column":2}},"16":{"start":{"line":17,"column":0},"end":{"line":17,"column":0}},"17":{"start":{"line":18,"column":0},"end":{"line":18,"column":37}}},"s":{"0":1,"1":1,"2":1,"3":1,"4":1,"5":1,"6":3,"7":3,"8":3,"9":3,"10":1,"11":1,"12":1,"13":3,"14":3,"15":3,"16":1,"17":1},"branchMap":{"0":{"type":"branch","line":3,"loc":{"start":{"line":3,"column":0},"end":{"line":11,"column":1}},"locations":[{"start":{"line":3,"column":0},"end":{"line":11,"column":1}}]},"1":{"type":"branch","line":6,"loc":{"start":{"line":6,"column":2},"end":{"line":10,"column":3}},"locations":[{"start":{"line":6,"column":2},"end":{"line":10,"column":3}}]},"2":{"type":"branch","line":7,"loc":{"start":{"line":7,"column":11},"end":{"line":7,"column":12}},"locations":[{"start":{"line":7,"column":11},"end":{"line":7,"column":12}}]},"3":{"type":"branch","line":13,"loc":{"start":{"line":13,"column":20},"end":{"line":16,"column":2}},"locations":[{"start":{"line":13,"column":20},"end":{"line":16,"column":2}}]}},"b":{"0":[1],"1":[3],"2":[0],"3":[3]},"fnMap":{"0":{"name":"ErrorHandler","decl":{"start":{"line":6,"column":2},"end":{"line":10,"column":3}},"loc":{"start":{"line":6,"column":2},"end":{"line":10,"column":3}},"line":6},"1":{"name":"handleError","decl":{"start":{"line":13,"column":20},"end":{"line":16,"column":2}},"loc":{"start":{"line":13,"column":20},"end":{"line":16,"column":2}},"line":13}},"f":{"0":3,"1":3}}
,"/home/kelvin/Projects/leitor_de_boleto/src/utils/index.ts": {"path":"/home/kelvin/Projects/leitor_de_boleto/src/utils/index.ts","all":false,"statementMap":{"0":{"start":{"line":1,"column":0},"end":{"line":1,"column":52}},"1":{"start":{"line":2,"column":0},"end":{"line":2,"column":0}},"2":{"start":{"line":3,"column":0},"end":{"line":3,"column":37}}},"s":{"0":1,"1":1,"2":1},"branchMap":{"0":{"type":"branch","line":3,"loc":{"start":{"line":3,"column":9},"end":{"line":3,"column":21}},"locations":[{"start":{"line":3,"column":9},"end":{"line":3,"column":21}}]},"1":{"type":"branch","line":3,"loc":{"start":{"line":3,"column":23},"end":{"line":3,"column":34}},"locations":[{"start":{"line":3,"column":23},"end":{"line":3,"column":34}}]}},"b":{"0":[3],"1":[3]},"fnMap":{"0":{"name":"get","decl":{"start":{"line":3,"column":9},"end":{"line":3,"column":21}},"loc":{"start":{"line":3,"column":9},"end":{"line":3,"column":21}},"line":3},"1":{"name":"get","decl":{"start":{"line":3,"column":23},"end":{"line":3,"column":34}},"loc":{"start":{"line":3,"column":23},"end":{"line":3,"column":34}},"line":3}},"f":{"0":3,"1":3}}
}
