TN:
SF:src/app.ts
FNF:0
FNH:0
DA:1,1
DA:2,1
DA:3,1
DA:4,1
DA:5,1
DA:6,1
DA:7,1
DA:8,1
DA:9,1
DA:10,1
DA:11,1
DA:12,1
DA:13,1
DA:14,8
DA:15,8
DA:16,1
DA:17,1
DA:18,1
LF:18
LH:18
BRDA:13,0,0,8
BRF:1
BRH:1
end_of_record
TN:
SF:src/controllers/index.ts
FNF:0
FNH:0
DA:1,1
DA:2,1
DA:3,1
LF:3
LH:3
BRF:0
BRH:0
end_of_record
TN:
SF:src/controllers/boleto/getBoletoController.ts
FN:8,getBoletoController
FNF:1
FNH:1
FNDA:3,getBoletoController
DA:1,1
DA:2,1
DA:3,1
DA:4,1
DA:5,1
DA:6,1
DA:7,1
DA:8,1
DA:9,3
DA:10,3
DA:11,3
DA:12,3
DA:13,2
DA:14,2
DA:15,2
DA:16,1
DA:17,1
DA:18,1
DA:19,1
DA:20,1
DA:21,3
DA:22,1
DA:23,1
LF:23
LH:23
BRDA:8,0,0,3
BRDA:12,1,0,2
BRDA:16,2,0,1
BRF:3
BRH:3
end_of_record
TN:
SF:src/middlewares/index.ts
FNF:0
FNH:0
DA:1,1
DA:2,1
DA:3,1
LF:3
LH:3
BRF:0
BRH:0
end_of_record
TN:
SF:src/middlewares/boleto/validateCodeMiddleware.ts
FN:7,validateCodeMiddleware
FN:43,calculateTitulo
FN:65,calculateConvenio
FN:103,multiplyAndSumField
FN:144,calculateDvConvenio
FN:160,calculateDVTitulo
FN:168,compareDvConvenio
FN:176,compareDVTitulo
FN:183,filterInt
FNF:9
FNH:9
FNDA:11,validateCodeMiddleware
FNDA:2,calculateTitulo
FNDA:6,calculateConvenio
FNDA:21,multiplyAndSumField
FNDA:16,calculateDvConvenio
FNDA:6,calculateDVTitulo
FNDA:4,compareDvConvenio
FNDA:2,compareDVTitulo
FNDA:11,filterInt
DA:1,1
DA:2,1
DA:3,1
DA:4,1
DA:5,1
DA:6,1
DA:7,1
DA:8,11
DA:9,11
DA:10,11
DA:11,11
DA:12,11
DA:13,11
DA:14,11
DA:15,1
DA:16,1
DA:17,10
DA:18,11
DA:19,2
DA:20,2
DA:21,8
DA:22,11
DA:23,6
DA:24,6
DA:25,3
DA:26,3
DA:27,1
DA:28,1
DA:29,1
DA:30,2
DA:31,2
DA:32,2
DA:33,2
DA:34,0
DA:35,0
DA:36,2
DA:37,2
DA:38,2
DA:39,0
DA:40,0
DA:41,0
DA:42,1
DA:43,1
DA:44,2
DA:45,2
DA:46,2
DA:47,2
DA:48,2
DA:49,2
DA:50,2
DA:51,2
DA:52,2
DA:53,2
DA:54,2
DA:55,2
DA:56,2
DA:57,2
DA:58,2
DA:59,6
DA:60,2
DA:61,2
DA:62,2
DA:63,2
DA:64,1
DA:65,1
DA:66,6
DA:67,6
DA:68,6
DA:69,6
DA:70,6
DA:71,6
DA:72,6
DA:73,6
DA:74,6
DA:75,6
DA:76,6
DA:77,6
DA:78,6
DA:79,6
DA:80,4
DA:81,16
DA:82,4
DA:83,4
DA:84,16
DA:85,4
DA:86,4
DA:87,6
DA:88,0
DA:89,0
DA:90,0
DA:91,0
DA:92,0
DA:93,0
DA:94,0
DA:95,2
DA:96,2
DA:97,2
DA:98,2
DA:99,2
DA:100,2
DA:101,6
DA:102,1
DA:103,1
DA:104,21
DA:105,21
DA:106,21
DA:107,360
DA:108,360
DA:109,360
DA:110,360
DA:111,318
DA:112,168
DA:113,297
DA:114,150
DA:115,150
DA:116,318
DA:117,318
DA:118,52
DA:119,52
DA:120,52
DA:121,266
DA:122,266
DA:123,42
DA:124,42
DA:125,42
DA:126,42
DA:127,5
DA:128,5
DA:129,42
DA:130,42
DA:131,21
DA:132,21
DA:133,2
DA:134,2
DA:135,19
DA:136,19
DA:137,19
DA:138,19
DA:139,19
DA:140,19
DA:141,19
DA:142,19
DA:143,1
DA:144,1
DA:145,16
DA:146,16
DA:147,16
DA:148,10
DA:149,10
DA:150,10
DA:151,0
DA:152,0
DA:153,0
DA:154,0
DA:155,0
DA:156,0
DA:157,0
DA:158,16
DA:159,1
DA:160,1
DA:161,6
DA:162,6
DA:163,6
DA:164,6
DA:165,6
DA:166,6
DA:167,1
DA:168,1
DA:169,4
DA:170,4
DA:171,4
DA:172,4
DA:173,1
DA:174,1
DA:175,1
DA:176,1
DA:177,2
DA:178,2
DA:179,2
DA:180,2
DA:181,2
DA:182,1
DA:183,1
DA:184,11
DA:185,1
DA:186,1
DA:187,1
DA:188,1
DA:189,1
LF:189
LH:170
BRDA:7,0,0,11
BRDA:14,1,0,1
BRDA:17,2,0,10
BRDA:18,3,0,9
BRDA:18,4,0,2
BRDA:21,5,0,8
BRDA:22,6,0,6
BRDA:24,7,0,5
BRDA:24,8,0,3
BRDA:27,9,0,1
BRDA:30,10,0,10
BRDA:30,11,0,2
BRDA:33,12,0,0
BRDA:39,13,0,0
BRDA:43,14,0,2
BRDA:58,15,0,6
BRDA:65,16,0,6
BRDA:79,17,0,4
BRDA:87,18,0,2
BRDA:87,19,0,0
BRDA:80,20,0,16
BRDA:83,21,0,16
BRDA:103,22,0,21
BRDA:132,23,0,2
BRDA:135,24,0,19
BRDA:106,25,0,360
BRDA:110,26,0,100
BRDA:110,27,0,318
BRDA:111,28,0,297
BRDA:111,29,0,168
BRDA:113,30,0,150
BRDA:117,31,0,52
BRDA:121,32,0,266
BRDA:123,33,0,42
BRDA:126,34,0,5
BRDA:137,35,0,302
BRDA:144,36,0,16
BRDA:147,37,0,6
BRDA:148,38,0,10
BRDA:151,39,0,0
BRDA:160,40,0,6
BRDA:161,41,0,58
BRDA:168,42,0,4
BRDA:169,43,0,0
BRDA:170,44,0,3
BRDA:171,45,0,1
BRDA:171,46,0,0
BRDA:172,47,0,1
BRDA:172,48,0,0
BRDA:173,49,0,1
BRDA:176,50,0,2
BRDA:177,51,0,0
BRDA:178,52,0,0
BRDA:179,53,0,0
BRDA:183,54,0,11
BRDA:184,55,0,10
BRDA:185,56,0,1
BRF:57
BRH:47
end_of_record
TN:
SF:src/routes/index.ts
FNF:0
FNH:0
DA:1,1
DA:2,1
DA:3,1
DA:4,1
DA:5,1
DA:6,1
DA:7,1
DA:8,1
LF:8
LH:8
BRF:0
BRH:0
end_of_record
TN:
SF:src/routes/boleto/index.ts
FNF:0
FNH:0
DA:1,1
DA:2,1
DA:3,1
DA:4,1
DA:5,1
DA:6,1
DA:7,1
DA:8,1
DA:9,1
LF:9
LH:9
BRF:0
BRH:0
end_of_record
TN:
SF:src/services/index.ts
FNF:0
FNH:0
DA:1,1
DA:2,1
DA:3,1
LF:3
LH:3
BRF:0
BRH:0
end_of_record
TN:
SF:src/services/boleto/getBoletoConvenioService.ts
FN:4,GetBoletoConvenioService
FN:5,Object.<anonymous>.GetBoletoConvenioService.execute
FN:17,generateBarCode
FN:26,calculateDvBarCode
FN:51,formatValue
FNF:5
FNH:5
FNDA:2,GetBoletoConvenioService
FNDA:2,Object.<anonymous>.GetBoletoConvenioService.execute
FNDA:2,generateBarCode
FNDA:3,calculateDvBarCode
FNDA:2,formatValue
DA:1,1
DA:2,1
DA:3,1
DA:4,2
DA:5,2
DA:6,2
DA:7,2
DA:8,2
DA:9,2
DA:10,2
DA:11,2
DA:12,2
DA:13,2
DA:14,2
DA:15,2
DA:16,1
DA:17,1
DA:18,2
DA:19,2
DA:20,2
DA:21,2
DA:22,2
DA:23,2
DA:24,2
DA:25,1
DA:26,1
DA:27,3
DA:28,3
DA:29,3
DA:30,3
DA:31,2
DA:32,2
DA:33,2
DA:34,2
DA:35,2
DA:36,2
DA:37,2
DA:38,1
DA:39,3
DA:40,1
DA:41,1
DA:42,1
DA:43,1
DA:44,1
DA:45,0
DA:46,0
DA:47,0
DA:48,0
DA:49,3
DA:50,1
DA:51,1
DA:52,2
DA:53,2
DA:54,1
DA:55,1
DA:56,1
LF:56
LH:52
BRDA:4,0,0,3
BRDA:4,1,0,2
BRDA:5,2,0,2
BRDA:17,3,0,2
BRDA:26,4,0,3
BRDA:30,5,0,2
BRDA:33,6,0,0
BRDA:38,7,0,1
BRDA:39,8,0,0
BRDA:39,9,0,1
BRDA:45,10,0,0
BRDA:51,11,0,2
BRF:12
BRH:9
end_of_record
TN:
SF:src/services/boleto/getBoletoTituloService.ts
FN:3,GetBoletoTituloService
FN:4,Object.<anonymous>.GetBoletoTituloService.execute
FN:20,formatValue
FN:27,calculateExpirationDate
FN:38,formatDataNumber
FN:44,generateBarCode
FN:62,generateDV
FNF:7
FNH:7
FNDA:4,GetBoletoTituloService
FNDA:4,Object.<anonymous>.GetBoletoTituloService.execute
FNDA:4,formatValue
FNDA:5,calculateExpirationDate
FNDA:8,formatDataNumber
FNDA:5,generateBarCode
FNDA:7,generateDV
DA:1,1
DA:2,1
DA:3,4
DA:4,4
DA:5,4
DA:6,4
DA:7,4
DA:8,4
DA:9,4
DA:10,4
DA:11,4
DA:12,4
DA:13,3
DA:14,3
DA:15,4
DA:16,4
DA:17,4
DA:18,4
DA:19,1
DA:20,1
DA:21,4
DA:22,1
DA:23,1
DA:24,3
DA:25,3
DA:26,1
DA:27,1
DA:28,5
DA:29,1
DA:30,1
DA:31,4
DA:32,4
DA:33,4
DA:34,4
DA:35,4
DA:36,4
DA:37,1
DA:38,1
DA:39,8
DA:40,5
DA:41,6
DA:42,8
DA:43,1
DA:44,1
DA:45,5
DA:46,5
DA:47,5
DA:48,5
DA:49,5
DA:50,5
DA:51,5
DA:52,5
DA:53,5
DA:54,5
DA:55,5
DA:56,5
DA:57,5
DA:58,5
DA:59,5
DA:60,5
DA:61,1
DA:62,1
DA:63,7
DA:64,7
DA:65,7
DA:66,7
DA:67,7
DA:68,7
DA:69,7
DA:70,7
DA:71,7
DA:72,7
DA:73,301
DA:74,301
DA:75,301
DA:76,35
DA:77,35
DA:78,301
DA:79,7
DA:80,7
DA:81,7
DA:82,7
DA:83,7
DA:84,7
DA:85,7
DA:86,7
DA:87,7
DA:88,7
DA:89,7
DA:90,7
DA:91,7
DA:92,7
DA:93,2
DA:94,2
DA:95,5
DA:96,5
DA:97,1
DA:98,1
DA:99,1
DA:100,1
DA:101,1
DA:102,1
DA:103,1
DA:104,1
LF:104
LH:104
BRDA:3,0,0,3
BRDA:3,1,0,4
BRDA:4,2,0,4
BRDA:12,3,0,3
BRDA:20,4,0,4
BRDA:21,5,0,3
BRDA:21,6,0,1
BRDA:27,7,0,5
BRDA:28,8,0,1
BRDA:31,9,0,4
BRDA:38,10,0,8
BRDA:39,11,0,6
BRDA:39,12,0,5
BRDA:41,13,0,3
BRDA:44,14,0,5
BRDA:62,15,0,7
BRDA:92,16,0,2
BRDA:95,17,0,5
BRDA:72,18,0,301
BRDA:75,19,0,35
BRDA:83,20,0,301
BRF:21
BRH:21
end_of_record
TN:
SF:src/utils/error.ts
FN:6,ErrorHandler
FN:13,handleError
FNF:2
FNH:2
FNDA:8,ErrorHandler
FNDA:8,handleError
DA:1,1
DA:2,1
DA:3,3
DA:4,3
DA:5,3
DA:6,3
DA:7,8
DA:8,8
DA:9,8
DA:10,8
DA:11,3
DA:12,1
DA:13,1
DA:14,8
DA:15,8
DA:16,8
DA:17,1
DA:18,1
LF:18
LH:18
BRDA:3,0,0,3
BRDA:6,1,0,8
BRDA:7,2,0,0
BRDA:13,3,0,8
BRF:4
BRH:3
end_of_record
TN:
SF:src/utils/index.ts
FN:3,get
FN:3,get
FNF:2
FNH:2
FNDA:8,get
FNDA:8,get
DA:1,1
DA:2,1
DA:3,1
LF:3
LH:3
BRDA:3,0,0,8
BRDA:3,1,0,8
BRF:2
BRH:2
end_of_record
