TN:
SF:src/app.ts
FNF:0
FNH:0
DA:1,1
DA:2,1
DA:3,1
DA:4,1
DA:5,1
DA:6,1
DA:7,1
DA:8,1
DA:9,1
DA:10,1
DA:11,1
DA:12,1
DA:13,1
DA:14,3
DA:15,3
DA:16,1
DA:17,1
DA:18,1
LF:18
LH:18
BRDA:13,0,0,3
BRF:1
BRH:1
end_of_record
TN:
SF:src/controllers/index.ts
FNF:0
FNH:0
DA:1,1
DA:2,1
DA:3,1
LF:3
LH:3
BRF:0
BRH:0
end_of_record
TN:
SF:src/controllers/boleto/getBoletoController.ts
FN:5,getBoletoController
FNF:1
FNH:1
FNDA:2,getBoletoController
DA:1,1
DA:2,1
DA:3,1
DA:4,1
DA:5,1
DA:6,2
DA:7,2
DA:8,2
DA:9,2
DA:10,2
DA:11,1
DA:12,1
LF:12
LH:12
BRDA:5,0,0,2
BRF:1
BRH:1
end_of_record
TN:
SF:src/middlewares/index.ts
FNF:0
FNH:0
DA:1,1
DA:2,1
DA:3,1
LF:3
LH:3
BRF:0
BRH:0
end_of_record
TN:
SF:src/middlewares/boleto/validateCodeMiddleware.ts
FN:4,validateCodeMiddleware
FN:40,calculateTitulo
FN:62,calculateConvenio
FN:100,multiplyAndSumField
FN:141,calculateDvConvenio
FN:157,calculateDVTitulo
FN:165,compareDvConvenio
FN:173,compareDVTitulo
FN:180,filterInt
FNF:9
FNH:6
FNDA:5,validateCodeMiddleware
FNDA:2,calculateTitulo
FNDA:0,calculateConvenio
FNDA:2,multiplyAndSumField
FNDA:0,calculateDvConvenio
FNDA:6,calculateDVTitulo
FNDA:0,compareDvConvenio
FNDA:2,compareDVTitulo
FNDA:5,filterInt
DA:1,1
DA:2,1
DA:3,1
DA:4,1
DA:5,5
DA:6,5
DA:7,5
DA:8,5
DA:9,5
DA:10,5
DA:11,5
DA:12,1
DA:13,1
DA:14,4
DA:15,5
DA:16,2
DA:17,2
DA:18,2
DA:19,5
DA:20,0
DA:21,0
DA:22,0
DA:23,0
DA:24,0
DA:25,0
DA:26,0
DA:27,2
DA:28,2
DA:29,2
DA:30,2
DA:31,0
DA:32,0
DA:33,2
DA:34,2
DA:35,2
DA:36,0
DA:37,0
DA:38,0
DA:39,1
DA:40,1
DA:41,2
DA:42,2
DA:43,2
DA:44,2
DA:45,2
DA:46,2
DA:47,2
DA:48,2
DA:49,2
DA:50,2
DA:51,2
DA:52,2
DA:53,2
DA:54,2
DA:55,2
DA:56,6
DA:57,2
DA:58,2
DA:59,2
DA:60,2
DA:61,1
DA:62,1
DA:63,0
DA:64,0
DA:65,0
DA:66,0
DA:67,0
DA:68,0
DA:69,0
DA:70,0
DA:71,0
DA:72,0
DA:73,0
DA:74,0
DA:75,0
DA:76,0
DA:77,0
DA:78,0
DA:79,0
DA:80,0
DA:81,0
DA:82,0
DA:83,0
DA:84,0
DA:85,0
DA:86,0
DA:87,0
DA:88,0
DA:89,0
DA:90,0
DA:91,0
DA:92,0
DA:93,0
DA:94,0
DA:95,0
DA:96,0
DA:97,0
DA:98,0
DA:99,1
DA:100,1
DA:101,2
DA:102,2
DA:103,2
DA:104,58
DA:105,58
DA:106,58
DA:107,58
DA:108,58
DA:109,30
DA:110,58
DA:111,28
DA:112,28
DA:113,58
DA:114,58
DA:115,8
DA:116,8
DA:117,8
DA:118,50
DA:119,50
DA:120,0
DA:121,0
DA:122,0
DA:123,0
DA:124,0
DA:125,0
DA:126,0
DA:127,0
DA:128,2
DA:129,2
DA:130,2
DA:131,2
DA:132,0
DA:133,0
DA:134,0
DA:135,0
DA:136,0
DA:137,0
DA:138,0
DA:139,0
DA:140,1
DA:141,1
DA:142,0
DA:143,0
DA:144,0
DA:145,0
DA:146,0
DA:147,0
DA:148,0
DA:149,0
DA:150,0
DA:151,0
DA:152,0
DA:153,0
DA:154,0
DA:155,0
DA:156,1
DA:157,1
DA:158,6
DA:159,6
DA:160,6
DA:161,6
DA:162,6
DA:163,6
DA:164,1
DA:165,1
DA:166,0
DA:167,0
DA:168,0
DA:169,0
DA:170,0
DA:171,0
DA:172,1
DA:173,1
DA:174,2
DA:175,2
DA:176,2
DA:177,2
DA:178,2
DA:179,1
DA:180,1
DA:181,5
DA:182,1
DA:183,1
DA:184,1
DA:185,1
LF:185
LH:101
BRDA:4,0,0,5
BRDA:11,1,0,1
BRDA:14,2,0,4
BRDA:15,3,0,3
BRDA:15,4,0,2
BRDA:19,5,0,0
BRDA:27,6,0,2
BRDA:30,7,0,0
BRDA:36,8,0,0
BRDA:40,9,0,2
BRDA:55,10,0,6
BRDA:100,11,0,2
BRDA:132,12,0,0
BRDA:103,13,0,58
BRDA:108,14,0,30
BRDA:110,15,0,28
BRDA:114,16,0,8
BRDA:118,17,0,50
BRDA:120,18,0,0
BRDA:157,19,0,6
BRDA:158,20,0,58
BRDA:173,21,0,2
BRDA:174,22,0,0
BRDA:175,23,0,0
BRDA:176,24,0,0
BRDA:180,25,0,5
BRDA:181,26,0,4
BRDA:182,27,0,1
BRF:28
BRH:20
end_of_record
TN:
SF:src/routes/index.ts
FNF:0
FNH:0
DA:1,1
DA:2,1
DA:3,1
DA:4,1
DA:5,1
DA:6,1
DA:7,1
DA:8,1
LF:8
LH:8
BRF:0
BRH:0
end_of_record
TN:
SF:src/routes/boleto/index.ts
FNF:0
FNH:0
DA:1,1
DA:2,1
DA:3,1
DA:4,1
DA:5,1
DA:6,1
DA:7,1
DA:8,1
DA:9,1
LF:9
LH:9
BRF:0
BRH:0
end_of_record
TN:
SF:src/services/index.ts
FNF:0
FNH:0
DA:1,1
DA:2,1
DA:3,1
LF:3
LH:3
BRF:0
BRH:0
end_of_record
TN:
SF:src/services/boleto/getBoletoService.ts
FN:3,GetBoletoService
FN:4,Object.<anonymous>.GetBoletoService.execute
FN:20,calculateValueLength
FN:27,calculateExpirationDate
FN:38,formatDataNumber
FN:44,generateBarCode
FN:62,generateDV
FNF:7
FNH:7
FNDA:4,GetBoletoService
FNDA:4,Object.<anonymous>.GetBoletoService.execute
FNDA:4,calculateValueLength
FNDA:5,calculateExpirationDate
FNDA:8,formatDataNumber
FNDA:5,generateBarCode
FNDA:7,generateDV
DA:1,1
DA:2,1
DA:3,4
DA:4,4
DA:5,4
DA:6,4
DA:7,4
DA:8,4
DA:9,4
DA:10,4
DA:11,4
DA:12,4
DA:13,3
DA:14,3
DA:15,4
DA:16,4
DA:17,4
DA:18,4
DA:19,1
DA:20,1
DA:21,4
DA:22,1
DA:23,1
DA:24,3
DA:25,3
DA:26,1
DA:27,1
DA:28,5
DA:29,1
DA:30,1
DA:31,4
DA:32,4
DA:33,4
DA:34,4
DA:35,4
DA:36,4
DA:37,1
DA:38,1
DA:39,8
DA:40,5
DA:41,6
DA:42,8
DA:43,1
DA:44,1
DA:45,5
DA:46,5
DA:47,5
DA:48,5
DA:49,5
DA:50,5
DA:51,5
DA:52,5
DA:53,5
DA:54,5
DA:55,5
DA:56,5
DA:57,5
DA:58,5
DA:59,5
DA:60,5
DA:61,1
DA:62,1
DA:63,7
DA:64,7
DA:65,7
DA:66,7
DA:67,7
DA:68,7
DA:69,7
DA:70,7
DA:71,7
DA:72,7
DA:73,301
DA:74,301
DA:75,301
DA:76,35
DA:77,35
DA:78,301
DA:79,7
DA:80,7
DA:81,7
DA:82,7
DA:83,7
DA:84,7
DA:85,7
DA:86,7
DA:87,7
DA:88,7
DA:89,7
DA:90,7
DA:91,7
DA:92,7
DA:93,2
DA:94,2
DA:95,5
DA:96,5
DA:97,1
DA:98,1
DA:99,1
DA:100,1
DA:101,1
DA:102,1
DA:103,1
DA:104,1
LF:104
LH:104
BRDA:3,0,0,2
BRDA:3,1,0,4
BRDA:4,2,0,4
BRDA:12,3,0,3
BRDA:20,4,0,4
BRDA:21,5,0,3
BRDA:21,6,0,1
BRDA:27,7,0,5
BRDA:28,8,0,1
BRDA:31,9,0,4
BRDA:38,10,0,8
BRDA:39,11,0,6
BRDA:39,12,0,5
BRDA:41,13,0,3
BRDA:44,14,0,5
BRDA:62,15,0,7
BRDA:92,16,0,2
BRDA:95,17,0,5
BRDA:72,18,0,301
BRDA:75,19,0,35
BRDA:83,20,0,301
BRF:21
BRH:21
end_of_record
TN:
SF:src/utils/error.ts
FN:6,ErrorHandler
FN:13,handleError
FNF:2
FNH:2
FNDA:3,ErrorHandler
FNDA:3,handleError
DA:1,1
DA:2,1
DA:3,1
DA:4,1
DA:5,1
DA:6,1
DA:7,3
DA:8,3
DA:9,3
DA:10,3
DA:11,1
DA:12,1
DA:13,1
DA:14,3
DA:15,3
DA:16,3
DA:17,1
DA:18,1
LF:18
LH:18
BRDA:3,0,0,1
BRDA:6,1,0,3
BRDA:7,2,0,0
BRDA:13,3,0,3
BRF:4
BRH:3
end_of_record
TN:
SF:src/utils/index.ts
FN:3,get
FN:3,get
FNF:2
FNH:2
FNDA:3,get
FNDA:3,get
DA:1,1
DA:2,1
DA:3,1
LF:3
LH:3
BRDA:3,0,0,3
BRDA:3,1,0,3
BRF:2
BRH:2
end_of_record
